<?xml version="1.0" encoding="UTF-8"?>
<!-- Generated by org.testng.reporters.JUnitReportReporter -->
<testsuite skipped="0" hostname="SYSTEM-C205" name="ApiTestCases.ApiCheckAvailability" tests="1" failures="0" timestamp="15 Mar 2019 06:19:11 GMT" time="1.927" errors="0">
  <testcase name="Verify_CheckAvailabilityApi" time="1.927" classname="ApiTestCases.ApiCheckAvailability"/>
</testsuite> <!-- ApiTestCases.ApiCheckAvailability -->
