<?xml version="1.0" encoding="UTF-8"?>
<!-- Generated by org.testng.reporters.JUnitReportReporter -->
<testsuite skipped="0" hostname="SYSTEM-C205" name="ApiTestCases.MobileResponsiveApi" tests="49" failures="0" timestamp="26 Mar 2019 10:14:10 GMT" time="57.935" errors="0">
  <testcase name="Verify_CheckAvailabilityApi" time="1.144" classname="ApiTestCases.MobileResponsiveApi"/>
  <testcase name="Verify_CheckAvailabilityApi" time="1.114" classname="ApiTestCases.MobileResponsiveApi"/>
  <testcase name="Verify_CheckAvailabilityApi" time="1.114" classname="ApiTestCases.MobileResponsiveApi"/>
  <testcase name="Verify_CheckAvailabilityApi" time="1.140" classname="ApiTestCases.MobileResponsiveApi"/>
  <testcase name="Verify_CheckAvailabilityApi" time="1.127" classname="ApiTestCases.MobileResponsiveApi"/>
  <testcase name="Verify_CheckAvailabilityApi" time="1.153" classname="ApiTestCases.MobileResponsiveApi"/>
  <testcase name="Verify_CheckAvailabilityApi" time="1.140" classname="ApiTestCases.MobileResponsiveApi"/>
  <testcase name="Verify_CheckAvailabilityApi" time="1.138" classname="ApiTestCases.MobileResponsiveApi"/>
  <testcase name="Verify_CheckAvailabilityApi" time="1.138" classname="ApiTestCases.MobileResponsiveApi"/>
  <testcase name="Verify_CheckAvailabilityApi" time="1.227" classname="ApiTestCases.MobileResponsiveApi"/>
  <testcase name="Verify_CheckAvailabilityApi" time="1.120" classname="ApiTestCases.MobileResponsiveApi"/>
  <testcase name="Verify_CheckAvailabilityApi" time="1.099" classname="ApiTestCases.MobileResponsiveApi"/>
  <testcase name="Verify_CheckAvailabilityApi" time="1.116" classname="ApiTestCases.MobileResponsiveApi"/>
  <testcase name="Verify_CheckAvailabilityApi" time="1.168" classname="ApiTestCases.MobileResponsiveApi"/>
  <testcase name="Verify_CheckAvailabilityApi" time="1.111" classname="ApiTestCases.MobileResponsiveApi"/>
  <testcase name="Verify_CheckAvailabilityApi" time="1.117" classname="ApiTestCases.MobileResponsiveApi"/>
  <testcase name="Verify_CheckAvailabilityApi" time="1.138" classname="ApiTestCases.MobileResponsiveApi"/>
  <testcase name="Verify_CheckAvailabilityApi" time="1.133" classname="ApiTestCases.MobileResponsiveApi"/>
  <testcase name="Verify_CheckAvailabilityApi" time="1.145" classname="ApiTestCases.MobileResponsiveApi"/>
  <testcase name="Verify_CheckAvailabilityApi" time="1.107" classname="ApiTestCases.MobileResponsiveApi"/>
  <testcase name="Verify_CheckAvailabilityApi" time="1.145" classname="ApiTestCases.MobileResponsiveApi"/>
  <testcase name="Verify_CheckAvailabilityApi" time="1.132" classname="ApiTestCases.MobileResponsiveApi"/>
  <testcase name="Verify_CheckAvailabilityApi" time="1.176" classname="ApiTestCases.MobileResponsiveApi"/>
  <testcase name="Verify_CheckAvailabilityApi" time="1.159" classname="ApiTestCases.MobileResponsiveApi"/>
  <testcase name="Verify_CheckAvailabilityApi" time="1.154" classname="ApiTestCases.MobileResponsiveApi"/>
  <testcase name="Verify_CheckAvailabilityApi" time="1.174" classname="ApiTestCases.MobileResponsiveApi"/>
  <testcase name="Verify_CheckAvailabilityApi" time="1.122" classname="ApiTestCases.MobileResponsiveApi"/>
  <testcase name="Verify_CheckAvailabilityApi" time="1.175" classname="ApiTestCases.MobileResponsiveApi"/>
  <testcase name="Verify_CheckAvailabilityApi" time="1.145" classname="ApiTestCases.MobileResponsiveApi"/>
  <testcase name="Verify_CheckAvailabilityApi" time="1.101" classname="ApiTestCases.MobileResponsiveApi"/>
  <testcase name="Verify_CheckAvailabilityApi" time="1.164" classname="ApiTestCases.MobileResponsiveApi"/>
  <testcase name="Verify_CheckAvailabilityApi" time="1.173" classname="ApiTestCases.MobileResponsiveApi"/>
  <testcase name="Verify_CheckAvailabilityApi" time="1.141" classname="ApiTestCases.MobileResponsiveApi"/>
  <testcase name="Verify_CheckAvailabilityApi" time="1.130" classname="ApiTestCases.MobileResponsiveApi"/>
  <testcase name="Verify_CheckAvailabilityApi" time="1.118" classname="ApiTestCases.MobileResponsiveApi"/>
  <testcase name="Verify_CheckAvailabilityApi" time="1.129" classname="ApiTestCases.MobileResponsiveApi"/>
  <testcase name="Verify_CheckAvailabilityApi" time="1.227" classname="ApiTestCases.MobileResponsiveApi"/>
  <testcase name="Verify_CheckAvailabilityApi" time="1.176" classname="ApiTestCases.MobileResponsiveApi"/>
  <testcase name="Verify_CheckAvailabilityApi" time="1.112" classname="ApiTestCases.MobileResponsiveApi"/>
  <testcase name="Verify_CheckAvailabilityApi" time="1.139" classname="ApiTestCases.MobileResponsiveApi"/>
  <testcase name="Verify_CheckAvailabilityApi" time="1.109" classname="ApiTestCases.MobileResponsiveApi"/>
  <testcase name="Verify_CheckAvailabilityApi" time="2.949" classname="ApiTestCases.MobileResponsiveApi"/>
  <testcase name="Verify_CheckAvailabilityApi" time="1.111" classname="ApiTestCases.MobileResponsiveApi"/>
  <testcase name="Verify_CheckAvailabilityApi" time="1.174" classname="ApiTestCases.MobileResponsiveApi"/>
  <testcase name="Verify_CheckAvailabilityApi" time="1.196" classname="ApiTestCases.MobileResponsiveApi"/>
  <testcase name="Verify_CheckAvailabilityApi" time="1.144" classname="ApiTestCases.MobileResponsiveApi"/>
  <testcase name="Verify_CheckAvailabilityApi" time="1.294" classname="ApiTestCases.MobileResponsiveApi"/>
  <testcase name="Verify_CheckAvailabilityApi" time="1.139" classname="ApiTestCases.MobileResponsiveApi"/>
  <testcase name="Verify_CheckAvailabilityApi" time="1.138" classname="ApiTestCases.MobileResponsiveApi"/>
</testsuite> <!-- ApiTestCases.MobileResponsiveApi -->
