<?xml version="1.0" encoding="UTF-8"?>
<!-- Generated by org.testng.reporters.JUnitReportReporter -->
<testsuite skipped="0" hostname="SYSTEM-C205" name="ApiTestCases.Auto_Suggestion_Location_Api" tests="1" failures="0" timestamp="17 Apr 2019 07:09:20 GMT" time="2.356" errors="0">
  <testcase name="Verify_Auto_Suggestion_Location_Api" time="2.356" classname="ApiTestCases.Auto_Suggestion_Location_Api"/>
</testsuite> <!-- ApiTestCases.Auto_Suggestion_Location_Api -->
