<?xml version="1.0" encoding="UTF-8"?>
<!-- Generated by org.testng.reporters.JUnitReportReporter -->
<testsuite skipped="0" hostname="SYSTEM-C205" name="ApiTestCases.Check_Availability_Api" tests="1" failures="0" timestamp="29 Apr 2019 07:47:46 GMT" time="2.010" errors="0">
  <testcase name="Verify_CheckAvailabilityApi" time="2.010" classname="ApiTestCases.Check_Availability_Api"/>
</testsuite> <!-- ApiTestCases.Check_Availability_Api -->
