<?xml version="1.0" encoding="UTF-8"?>
<!-- Generated by org.testng.reporters.JUnitReportReporter -->
<testsuite skipped="0" hostname="SYSTEM-C205" name="ApiTestCases.MobileResponsiveApi" tests="46" failures="0" timestamp="04 Mar 2019 05:53:32 GMT" time="1010.620" errors="0">
  <testcase name="Verify_CheckAvailabilityApi" time="43.385" classname="ApiTestCases.MobileResponsiveApi"/>
  <testcase name="Verify_CheckAvailabilityApi" time="27.112" classname="ApiTestCases.MobileResponsiveApi"/>
  <testcase name="Verify_CheckAvailabilityApi" time="14.538" classname="ApiTestCases.MobileResponsiveApi"/>
  <testcase name="Verify_CheckAvailabilityApi" time="20.066" classname="ApiTestCases.MobileResponsiveApi"/>
  <testcase name="Verify_CheckAvailabilityApi" time="9.680" classname="ApiTestCases.MobileResponsiveApi"/>
  <testcase name="Verify_CheckAvailabilityApi" time="20.068" classname="ApiTestCases.MobileResponsiveApi"/>
  <testcase name="Verify_CheckAvailabilityApi" time="10.768" classname="ApiTestCases.MobileResponsiveApi"/>
  <testcase name="Verify_CheckAvailabilityApi" time="7.799" classname="ApiTestCases.MobileResponsiveApi"/>
  <testcase name="Verify_CheckAvailabilityApi" time="17.371" classname="ApiTestCases.MobileResponsiveApi"/>
  <testcase name="Verify_CheckAvailabilityApi" time="17.781" classname="ApiTestCases.MobileResponsiveApi"/>
  <testcase name="Verify_CheckAvailabilityApi" time="46.830" classname="ApiTestCases.MobileResponsiveApi"/>
  <testcase name="Verify_CheckAvailabilityApi" time="10.640" classname="ApiTestCases.MobileResponsiveApi"/>
  <testcase name="Verify_CheckAvailabilityApi" time="34.133" classname="ApiTestCases.MobileResponsiveApi"/>
  <testcase name="Verify_CheckAvailabilityApi" time="7.798" classname="ApiTestCases.MobileResponsiveApi"/>
  <testcase name="Verify_CheckAvailabilityApi" time="18.165" classname="ApiTestCases.MobileResponsiveApi"/>
  <testcase name="Verify_CheckAvailabilityApi" time="9.824" classname="ApiTestCases.MobileResponsiveApi"/>
  <testcase name="Verify_CheckAvailabilityApi" time="13.598" classname="ApiTestCases.MobileResponsiveApi"/>
  <testcase name="Verify_CheckAvailabilityApi" time="15.161" classname="ApiTestCases.MobileResponsiveApi"/>
  <testcase name="Verify_CheckAvailabilityApi" time="16.093" classname="ApiTestCases.MobileResponsiveApi"/>
  <testcase name="Verify_CheckAvailabilityApi" time="24.154" classname="ApiTestCases.MobileResponsiveApi"/>
  <testcase name="Verify_CheckAvailabilityApi" time="12.389" classname="ApiTestCases.MobileResponsiveApi"/>
  <testcase name="Verify_CheckAvailabilityApi" time="25.369" classname="ApiTestCases.MobileResponsiveApi"/>
  <testcase name="Verify_CheckAvailabilityApi" time="13.342" classname="ApiTestCases.MobileResponsiveApi"/>
  <testcase name="Verify_CheckAvailabilityApi" time="31.445" classname="ApiTestCases.MobileResponsiveApi"/>
  <testcase name="Verify_CheckAvailabilityApi" time="17.998" classname="ApiTestCases.MobileResponsiveApi"/>
  <testcase name="Verify_CheckAvailabilityApi" time="28.489" classname="ApiTestCases.MobileResponsiveApi"/>
  <testcase name="Verify_CheckAvailabilityApi" time="27.800" classname="ApiTestCases.MobileResponsiveApi"/>
  <testcase name="Verify_CheckAvailabilityApi" time="12.221" classname="ApiTestCases.MobileResponsiveApi"/>
  <testcase name="Verify_CheckAvailabilityApi" time="9.088" classname="ApiTestCases.MobileResponsiveApi"/>
  <testcase name="Verify_CheckAvailabilityApi" time="46.895" classname="ApiTestCases.MobileResponsiveApi"/>
  <testcase name="Verify_CheckAvailabilityApi" time="46.972" classname="ApiTestCases.MobileResponsiveApi"/>
  <testcase name="Verify_CheckAvailabilityApi" time="10.349" classname="ApiTestCases.MobileResponsiveApi"/>
  <testcase name="Verify_CheckAvailabilityApi" time="11.458" classname="ApiTestCases.MobileResponsiveApi"/>
  <testcase name="Verify_CheckAvailabilityApi" time="26.705" classname="ApiTestCases.MobileResponsiveApi"/>
  <testcase name="Verify_CheckAvailabilityApi" time="37.393" classname="ApiTestCases.MobileResponsiveApi"/>
  <testcase name="Verify_CheckAvailabilityApi" time="7.317" classname="ApiTestCases.MobileResponsiveApi"/>
  <testcase name="Verify_CheckAvailabilityApi" time="14.706" classname="ApiTestCases.MobileResponsiveApi"/>
  <testcase name="Verify_CheckAvailabilityApi" time="18.558" classname="ApiTestCases.MobileResponsiveApi"/>
  <testcase name="Verify_CheckAvailabilityApi" time="39.041" classname="ApiTestCases.MobileResponsiveApi"/>
  <testcase name="Verify_CheckAvailabilityApi" time="24.073" classname="ApiTestCases.MobileResponsiveApi"/>
  <testcase name="Verify_CheckAvailabilityApi" time="46.880" classname="ApiTestCases.MobileResponsiveApi"/>
  <testcase name="Verify_CheckAvailabilityApi" time="18.524" classname="ApiTestCases.MobileResponsiveApi"/>
  <testcase name="Verify_CheckAvailabilityApi" time="28.604" classname="ApiTestCases.MobileResponsiveApi"/>
  <testcase name="Verify_CheckAvailabilityApi" time="30.372" classname="ApiTestCases.MobileResponsiveApi"/>
  <testcase name="Verify_CheckAvailabilityApi" time="26.159" classname="ApiTestCases.MobileResponsiveApi"/>
  <testcase name="Verify_CheckAvailabilityApi" time="13.509" classname="ApiTestCases.MobileResponsiveApi"/>
</testsuite> <!-- ApiTestCases.MobileResponsiveApi -->
