<?xml version="1.0" encoding="UTF-8"?>
<!-- Generated by org.testng.reporters.JUnitReportReporter -->
<testsuite skipped="0" hostname="SYSTEM-C205" name="ApiTestExecutions.Beta_MobileResponsiveApi" tests="1" failures="0" timestamp="29 Apr 2019 11:14:38 GMT" time="1.202" errors="0">
  <testcase name="Verify_Beta_MobileResponsiveApi" time="1.202" classname="ApiTestExecutions.Beta_MobileResponsiveApi"/>
</testsuite> <!-- ApiTestExecutions.Beta_MobileResponsiveApi -->
