<?xml version="1.0" encoding="UTF-8"?>
<!-- Generated by org.testng.reporters.JUnitReportReporter -->
<testsuite skipped="0" hostname="SYSTEM-C205" name="ApiTestCases.MobileResponsiveApi" tests="49" failures="0" timestamp="18 Mar 2019 07:17:46 GMT" time="58.083" errors="0">
  <testcase name="Verify_CheckAvailabilityApi" time="1.128" classname="ApiTestCases.MobileResponsiveApi"/>
  <testcase name="Verify_CheckAvailabilityApi" time="1.200" classname="ApiTestCases.MobileResponsiveApi"/>
  <testcase name="Verify_CheckAvailabilityApi" time="1.146" classname="ApiTestCases.MobileResponsiveApi"/>
  <testcase name="Verify_CheckAvailabilityApi" time="1.146" classname="ApiTestCases.MobileResponsiveApi"/>
  <testcase name="Verify_CheckAvailabilityApi" time="1.133" classname="ApiTestCases.MobileResponsiveApi"/>
  <testcase name="Verify_CheckAvailabilityApi" time="1.096" classname="ApiTestCases.MobileResponsiveApi"/>
  <testcase name="Verify_CheckAvailabilityApi" time="1.180" classname="ApiTestCases.MobileResponsiveApi"/>
  <testcase name="Verify_CheckAvailabilityApi" time="1.141" classname="ApiTestCases.MobileResponsiveApi"/>
  <testcase name="Verify_CheckAvailabilityApi" time="1.150" classname="ApiTestCases.MobileResponsiveApi"/>
  <testcase name="Verify_CheckAvailabilityApi" time="1.167" classname="ApiTestCases.MobileResponsiveApi"/>
  <testcase name="Verify_CheckAvailabilityApi" time="1.171" classname="ApiTestCases.MobileResponsiveApi"/>
  <testcase name="Verify_CheckAvailabilityApi" time="1.139" classname="ApiTestCases.MobileResponsiveApi"/>
  <testcase name="Verify_CheckAvailabilityApi" time="1.117" classname="ApiTestCases.MobileResponsiveApi"/>
  <testcase name="Verify_CheckAvailabilityApi" time="1.133" classname="ApiTestCases.MobileResponsiveApi"/>
  <testcase name="Verify_CheckAvailabilityApi" time="1.132" classname="ApiTestCases.MobileResponsiveApi"/>
  <testcase name="Verify_CheckAvailabilityApi" time="1.168" classname="ApiTestCases.MobileResponsiveApi"/>
  <testcase name="Verify_CheckAvailabilityApi" time="1.134" classname="ApiTestCases.MobileResponsiveApi"/>
  <testcase name="Verify_CheckAvailabilityApi" time="1.122" classname="ApiTestCases.MobileResponsiveApi"/>
  <testcase name="Verify_CheckAvailabilityApi" time="1.146" classname="ApiTestCases.MobileResponsiveApi"/>
  <testcase name="Verify_CheckAvailabilityApi" time="1.121" classname="ApiTestCases.MobileResponsiveApi"/>
  <testcase name="Verify_CheckAvailabilityApi" time="1.128" classname="ApiTestCases.MobileResponsiveApi"/>
  <testcase name="Verify_CheckAvailabilityApi" time="1.127" classname="ApiTestCases.MobileResponsiveApi"/>
  <testcase name="Verify_CheckAvailabilityApi" time="1.175" classname="ApiTestCases.MobileResponsiveApi"/>
  <testcase name="Verify_CheckAvailabilityApi" time="1.170" classname="ApiTestCases.MobileResponsiveApi"/>
  <testcase name="Verify_CheckAvailabilityApi" time="1.143" classname="ApiTestCases.MobileResponsiveApi"/>
  <testcase name="Verify_CheckAvailabilityApi" time="1.147" classname="ApiTestCases.MobileResponsiveApi"/>
  <testcase name="Verify_CheckAvailabilityApi" time="1.126" classname="ApiTestCases.MobileResponsiveApi"/>
  <testcase name="Verify_CheckAvailabilityApi" time="1.124" classname="ApiTestCases.MobileResponsiveApi"/>
  <testcase name="Verify_CheckAvailabilityApi" time="1.164" classname="ApiTestCases.MobileResponsiveApi"/>
  <testcase name="Verify_CheckAvailabilityApi" time="1.122" classname="ApiTestCases.MobileResponsiveApi"/>
  <testcase name="Verify_CheckAvailabilityApi" time="1.168" classname="ApiTestCases.MobileResponsiveApi"/>
  <testcase name="Verify_CheckAvailabilityApi" time="1.119" classname="ApiTestCases.MobileResponsiveApi"/>
  <testcase name="Verify_CheckAvailabilityApi" time="1.136" classname="ApiTestCases.MobileResponsiveApi"/>
  <testcase name="Verify_CheckAvailabilityApi" time="1.131" classname="ApiTestCases.MobileResponsiveApi"/>
  <testcase name="Verify_CheckAvailabilityApi" time="1.111" classname="ApiTestCases.MobileResponsiveApi"/>
  <testcase name="Verify_CheckAvailabilityApi" time="1.131" classname="ApiTestCases.MobileResponsiveApi"/>
  <testcase name="Verify_CheckAvailabilityApi" time="1.138" classname="ApiTestCases.MobileResponsiveApi"/>
  <testcase name="Verify_CheckAvailabilityApi" time="1.151" classname="ApiTestCases.MobileResponsiveApi"/>
  <testcase name="Verify_CheckAvailabilityApi" time="1.125" classname="ApiTestCases.MobileResponsiveApi"/>
  <testcase name="Verify_CheckAvailabilityApi" time="1.130" classname="ApiTestCases.MobileResponsiveApi"/>
  <testcase name="Verify_CheckAvailabilityApi" time="1.147" classname="ApiTestCases.MobileResponsiveApi"/>
  <testcase name="Verify_CheckAvailabilityApi" time="3.298" classname="ApiTestCases.MobileResponsiveApi"/>
  <testcase name="Verify_CheckAvailabilityApi" time="1.106" classname="ApiTestCases.MobileResponsiveApi"/>
  <testcase name="Verify_CheckAvailabilityApi" time="1.168" classname="ApiTestCases.MobileResponsiveApi"/>
  <testcase name="Verify_CheckAvailabilityApi" time="1.148" classname="ApiTestCases.MobileResponsiveApi"/>
  <testcase name="Verify_CheckAvailabilityApi" time="1.151" classname="ApiTestCases.MobileResponsiveApi"/>
  <testcase name="Verify_CheckAvailabilityApi" time="1.142" classname="ApiTestCases.MobileResponsiveApi"/>
  <testcase name="Verify_CheckAvailabilityApi" time="1.165" classname="ApiTestCases.MobileResponsiveApi"/>
  <testcase name="Verify_CheckAvailabilityApi" time="1.122" classname="ApiTestCases.MobileResponsiveApi"/>
</testsuite> <!-- ApiTestCases.MobileResponsiveApi -->
