<?xml version="1.0" encoding="UTF-8"?>
<!-- Generated by org.testng.reporters.JUnitReportReporter -->
<testsuite skipped="0" hostname="SYSTEM-C205" name="ApiTestCases.GetJsonResponseTest" tests="1" failures="0" timestamp="18 Feb 2019 13:10:30 GMT" time="1.498" errors="0">
  <testcase name="test01" time="1.498" classname="ApiTestCases.GetJsonResponseTest"/>
</testsuite> <!-- ApiTestCases.GetJsonResponseTest -->
