<?xml version="1.0" encoding="UTF-8"?>
<!-- Generated by org.testng.reporters.JUnitReportReporter -->
<testsuite skipped="0" hostname="SYSTEM-C205" name="ApiTestCases.Singnal_Info_Api" tests="1" failures="0" timestamp="29 Apr 2019 07:39:01 GMT" time="0.510" errors="0">
  <testcase name="Verify_Domain_Details_Api" time="0.510" classname="ApiTestCases.Singnal_Info_Api"/>
</testsuite> <!-- ApiTestCases.Singnal_Info_Api -->
