<?xml version="1.0" encoding="UTF-8"?>
<!-- Generated by org.testng.reporters.JUnitReportReporter -->
<testsuite skipped="0" hostname="SYSTEM-C205" name="ApiTestCases.MobileResponsiveApi" tests="49" failures="0" timestamp="29 Apr 2019 07:45:03 GMT" time="56.706" errors="0">
  <testcase name="Verify_CheckAvailabilityApi" time="2.421" classname="ApiTestCases.MobileResponsiveApi"/>
  <testcase name="Verify_CheckAvailabilityApi" time="1.110" classname="ApiTestCases.MobileResponsiveApi"/>
  <testcase name="Verify_CheckAvailabilityApi" time="1.122" classname="ApiTestCases.MobileResponsiveApi"/>
  <testcase name="Verify_CheckAvailabilityApi" time="1.114" classname="ApiTestCases.MobileResponsiveApi"/>
  <testcase name="Verify_CheckAvailabilityApi" time="1.112" classname="ApiTestCases.MobileResponsiveApi"/>
  <testcase name="Verify_CheckAvailabilityApi" time="1.152" classname="ApiTestCases.MobileResponsiveApi"/>
  <testcase name="Verify_CheckAvailabilityApi" time="1.130" classname="ApiTestCases.MobileResponsiveApi"/>
  <testcase name="Verify_CheckAvailabilityApi" time="1.154" classname="ApiTestCases.MobileResponsiveApi"/>
  <testcase name="Verify_CheckAvailabilityApi" time="1.114" classname="ApiTestCases.MobileResponsiveApi"/>
  <testcase name="Verify_CheckAvailabilityApi" time="1.111" classname="ApiTestCases.MobileResponsiveApi"/>
  <testcase name="Verify_CheckAvailabilityApi" time="1.112" classname="ApiTestCases.MobileResponsiveApi"/>
  <testcase name="Verify_CheckAvailabilityApi" time="1.117" classname="ApiTestCases.MobileResponsiveApi"/>
  <testcase name="Verify_CheckAvailabilityApi" time="1.134" classname="ApiTestCases.MobileResponsiveApi"/>
  <testcase name="Verify_CheckAvailabilityApi" time="1.126" classname="ApiTestCases.MobileResponsiveApi"/>
  <testcase name="Verify_CheckAvailabilityApi" time="1.129" classname="ApiTestCases.MobileResponsiveApi"/>
  <testcase name="Verify_CheckAvailabilityApi" time="1.137" classname="ApiTestCases.MobileResponsiveApi"/>
  <testcase name="Verify_CheckAvailabilityApi" time="1.139" classname="ApiTestCases.MobileResponsiveApi"/>
  <testcase name="Verify_CheckAvailabilityApi" time="1.138" classname="ApiTestCases.MobileResponsiveApi"/>
  <testcase name="Verify_CheckAvailabilityApi" time="1.129" classname="ApiTestCases.MobileResponsiveApi"/>
  <testcase name="Verify_CheckAvailabilityApi" time="1.143" classname="ApiTestCases.MobileResponsiveApi"/>
  <testcase name="Verify_CheckAvailabilityApi" time="1.131" classname="ApiTestCases.MobileResponsiveApi"/>
  <testcase name="Verify_CheckAvailabilityApi" time="1.132" classname="ApiTestCases.MobileResponsiveApi"/>
  <testcase name="Verify_CheckAvailabilityApi" time="1.123" classname="ApiTestCases.MobileResponsiveApi"/>
  <testcase name="Verify_CheckAvailabilityApi" time="1.151" classname="ApiTestCases.MobileResponsiveApi"/>
  <testcase name="Verify_CheckAvailabilityApi" time="1.096" classname="ApiTestCases.MobileResponsiveApi"/>
  <testcase name="Verify_CheckAvailabilityApi" time="1.118" classname="ApiTestCases.MobileResponsiveApi"/>
  <testcase name="Verify_CheckAvailabilityApi" time="1.129" classname="ApiTestCases.MobileResponsiveApi"/>
  <testcase name="Verify_CheckAvailabilityApi" time="1.113" classname="ApiTestCases.MobileResponsiveApi"/>
  <testcase name="Verify_CheckAvailabilityApi" time="1.140" classname="ApiTestCases.MobileResponsiveApi"/>
  <testcase name="Verify_CheckAvailabilityApi" time="1.125" classname="ApiTestCases.MobileResponsiveApi"/>
  <testcase name="Verify_CheckAvailabilityApi" time="1.144" classname="ApiTestCases.MobileResponsiveApi"/>
  <testcase name="Verify_CheckAvailabilityApi" time="1.137" classname="ApiTestCases.MobileResponsiveApi"/>
  <testcase name="Verify_CheckAvailabilityApi" time="1.145" classname="ApiTestCases.MobileResponsiveApi"/>
  <testcase name="Verify_CheckAvailabilityApi" time="1.120" classname="ApiTestCases.MobileResponsiveApi"/>
  <testcase name="Verify_CheckAvailabilityApi" time="1.142" classname="ApiTestCases.MobileResponsiveApi"/>
  <testcase name="Verify_CheckAvailabilityApi" time="1.124" classname="ApiTestCases.MobileResponsiveApi"/>
  <testcase name="Verify_CheckAvailabilityApi" time="1.161" classname="ApiTestCases.MobileResponsiveApi"/>
  <testcase name="Verify_CheckAvailabilityApi" time="1.129" classname="ApiTestCases.MobileResponsiveApi"/>
  <testcase name="Verify_CheckAvailabilityApi" time="1.140" classname="ApiTestCases.MobileResponsiveApi"/>
  <testcase name="Verify_CheckAvailabilityApi" time="1.151" classname="ApiTestCases.MobileResponsiveApi"/>
  <testcase name="Verify_CheckAvailabilityApi" time="1.132" classname="ApiTestCases.MobileResponsiveApi"/>
  <testcase name="Verify_CheckAvailabilityApi" time="1.153" classname="ApiTestCases.MobileResponsiveApi"/>
  <testcase name="Verify_CheckAvailabilityApi" time="1.108" classname="ApiTestCases.MobileResponsiveApi"/>
  <testcase name="Verify_CheckAvailabilityApi" time="1.112" classname="ApiTestCases.MobileResponsiveApi"/>
  <testcase name="Verify_CheckAvailabilityApi" time="1.109" classname="ApiTestCases.MobileResponsiveApi"/>
  <testcase name="Verify_CheckAvailabilityApi" time="1.114" classname="ApiTestCases.MobileResponsiveApi"/>
  <testcase name="Verify_CheckAvailabilityApi" time="1.184" classname="ApiTestCases.MobileResponsiveApi"/>
  <testcase name="Verify_CheckAvailabilityApi" time="1.133" classname="ApiTestCases.MobileResponsiveApi"/>
  <testcase name="Verify_CheckAvailabilityApi" time="1.166" classname="ApiTestCases.MobileResponsiveApi"/>
</testsuite> <!-- ApiTestCases.MobileResponsiveApi -->
