<?xml version="1.0" encoding="UTF-8"?>
<!-- Generated by org.testng.reporters.JUnitReportReporter -->
<testsuite skipped="0" hostname="SYSTEM-C205" name="ApiTestCases.ApiCheckAvailability" tests="1" failures="0" timestamp="25 Feb 2019 08:21:56 GMT" time="2.366" errors="0">
  <testcase name="Verify_CheckAvailabilityApi" time="2.366" classname="ApiTestCases.ApiCheckAvailability"/>
</testsuite> <!-- ApiTestCases.ApiCheckAvailability -->
