<?xml version="1.0" encoding="UTF-8"?>
<!-- Generated by org.testng.reporters.JUnitReportReporter -->
<testsuite skipped="0" hostname="SYSTEM-C205" name="ApiTestCases.testapplication" tests="1" failures="0" timestamp="15 Feb 2019 11:01:21 GMT" time="0.011" errors="0">
  <testcase name="verifyapi" time="0.011" classname="ApiTestCases.testapplication"/>
</testsuite> <!-- ApiTestCases.testapplication -->
