<?xml version="1.0" encoding="UTF-8"?>
<!-- Generated by org.testng.reporters.JUnitReportReporter -->
<testsuite skipped="0" hostname="SYSTEM-C205" name="ApiTestCases.MobileResponsiveApi" tests="49" failures="0" timestamp="11 Apr 2019 12:55:07 GMT" time="56.792" errors="0">
  <testcase name="Verify_CheckAvailabilityApi" time="1.085" classname="ApiTestCases.MobileResponsiveApi"/>
  <testcase name="Verify_CheckAvailabilityApi" time="1.138" classname="ApiTestCases.MobileResponsiveApi"/>
  <testcase name="Verify_CheckAvailabilityApi" time="1.153" classname="ApiTestCases.MobileResponsiveApi"/>
  <testcase name="Verify_CheckAvailabilityApi" time="1.089" classname="ApiTestCases.MobileResponsiveApi"/>
  <testcase name="Verify_CheckAvailabilityApi" time="1.191" classname="ApiTestCases.MobileResponsiveApi"/>
  <testcase name="Verify_CheckAvailabilityApi" time="1.131" classname="ApiTestCases.MobileResponsiveApi"/>
  <testcase name="Verify_CheckAvailabilityApi" time="1.237" classname="ApiTestCases.MobileResponsiveApi"/>
  <testcase name="Verify_CheckAvailabilityApi" time="1.148" classname="ApiTestCases.MobileResponsiveApi"/>
  <testcase name="Verify_CheckAvailabilityApi" time="1.158" classname="ApiTestCases.MobileResponsiveApi"/>
  <testcase name="Verify_CheckAvailabilityApi" time="1.125" classname="ApiTestCases.MobileResponsiveApi"/>
  <testcase name="Verify_CheckAvailabilityApi" time="1.154" classname="ApiTestCases.MobileResponsiveApi"/>
  <testcase name="Verify_CheckAvailabilityApi" time="1.110" classname="ApiTestCases.MobileResponsiveApi"/>
  <testcase name="Verify_CheckAvailabilityApi" time="1.127" classname="ApiTestCases.MobileResponsiveApi"/>
  <testcase name="Verify_CheckAvailabilityApi" time="1.180" classname="ApiTestCases.MobileResponsiveApi"/>
  <testcase name="Verify_CheckAvailabilityApi" time="1.130" classname="ApiTestCases.MobileResponsiveApi"/>
  <testcase name="Verify_CheckAvailabilityApi" time="1.125" classname="ApiTestCases.MobileResponsiveApi"/>
  <testcase name="Verify_CheckAvailabilityApi" time="1.157" classname="ApiTestCases.MobileResponsiveApi"/>
  <testcase name="Verify_CheckAvailabilityApi" time="1.129" classname="ApiTestCases.MobileResponsiveApi"/>
  <testcase name="Verify_CheckAvailabilityApi" time="1.095" classname="ApiTestCases.MobileResponsiveApi"/>
  <testcase name="Verify_CheckAvailabilityApi" time="1.106" classname="ApiTestCases.MobileResponsiveApi"/>
  <testcase name="Verify_CheckAvailabilityApi" time="1.133" classname="ApiTestCases.MobileResponsiveApi"/>
  <testcase name="Verify_CheckAvailabilityApi" time="1.115" classname="ApiTestCases.MobileResponsiveApi"/>
  <testcase name="Verify_CheckAvailabilityApi" time="1.138" classname="ApiTestCases.MobileResponsiveApi"/>
  <testcase name="Verify_CheckAvailabilityApi" time="1.126" classname="ApiTestCases.MobileResponsiveApi"/>
  <testcase name="Verify_CheckAvailabilityApi" time="1.094" classname="ApiTestCases.MobileResponsiveApi"/>
  <testcase name="Verify_CheckAvailabilityApi" time="1.109" classname="ApiTestCases.MobileResponsiveApi"/>
  <testcase name="Verify_CheckAvailabilityApi" time="1.113" classname="ApiTestCases.MobileResponsiveApi"/>
  <testcase name="Verify_CheckAvailabilityApi" time="1.120" classname="ApiTestCases.MobileResponsiveApi"/>
  <testcase name="Verify_CheckAvailabilityApi" time="1.139" classname="ApiTestCases.MobileResponsiveApi"/>
  <testcase name="Verify_CheckAvailabilityApi" time="1.116" classname="ApiTestCases.MobileResponsiveApi"/>
  <testcase name="Verify_CheckAvailabilityApi" time="1.126" classname="ApiTestCases.MobileResponsiveApi"/>
  <testcase name="Verify_CheckAvailabilityApi" time="1.117" classname="ApiTestCases.MobileResponsiveApi"/>
  <testcase name="Verify_CheckAvailabilityApi" time="1.159" classname="ApiTestCases.MobileResponsiveApi"/>
  <testcase name="Verify_CheckAvailabilityApi" time="1.096" classname="ApiTestCases.MobileResponsiveApi"/>
  <testcase name="Verify_CheckAvailabilityApi" time="1.127" classname="ApiTestCases.MobileResponsiveApi"/>
  <testcase name="Verify_CheckAvailabilityApi" time="1.088" classname="ApiTestCases.MobileResponsiveApi"/>
  <testcase name="Verify_CheckAvailabilityApi" time="1.111" classname="ApiTestCases.MobileResponsiveApi"/>
  <testcase name="Verify_CheckAvailabilityApi" time="1.154" classname="ApiTestCases.MobileResponsiveApi"/>
  <testcase name="Verify_CheckAvailabilityApi" time="1.156" classname="ApiTestCases.MobileResponsiveApi"/>
  <testcase name="Verify_CheckAvailabilityApi" time="1.147" classname="ApiTestCases.MobileResponsiveApi"/>
  <testcase name="Verify_CheckAvailabilityApi" time="1.121" classname="ApiTestCases.MobileResponsiveApi"/>
  <testcase name="Verify_CheckAvailabilityApi" time="1.131" classname="ApiTestCases.MobileResponsiveApi"/>
  <testcase name="Verify_CheckAvailabilityApi" time="1.150" classname="ApiTestCases.MobileResponsiveApi"/>
  <testcase name="Verify_CheckAvailabilityApi" time="1.106" classname="ApiTestCases.MobileResponsiveApi"/>
  <testcase name="Verify_CheckAvailabilityApi" time="2.520" classname="ApiTestCases.MobileResponsiveApi"/>
  <testcase name="Verify_CheckAvailabilityApi" time="1.126" classname="ApiTestCases.MobileResponsiveApi"/>
  <testcase name="Verify_CheckAvailabilityApi" time="1.103" classname="ApiTestCases.MobileResponsiveApi"/>
  <testcase name="Verify_CheckAvailabilityApi" time="1.134" classname="ApiTestCases.MobileResponsiveApi"/>
  <testcase name="Verify_CheckAvailabilityApi" time="1.149" classname="ApiTestCases.MobileResponsiveApi"/>
</testsuite> <!-- ApiTestCases.MobileResponsiveApi -->
