<?xml version="1.0" encoding="UTF-8"?>
<!-- Generated by org.testng.reporters.JUnitReportReporter -->
<testsuite skipped="0" hostname="SYSTEM-C205" name="ApiTestCases.Domain_Details_Api" tests="1" failures="0" timestamp="29 Apr 2019 08:20:40 GMT" time="2.010" errors="0">
  <testcase name="Verify_Domain_Details_Api" time="2.010" classname="ApiTestCases.Domain_Details_Api"/>
</testsuite> <!-- ApiTestCases.Domain_Details_Api -->
