<?xml version="1.0" encoding="UTF-8"?>
<!-- Generated by org.testng.reporters.JUnitReportReporter -->
<testsuite skipped="0" hostname="SYSTEM-C205" name="ApiTestCases.Check_Availability_Api" tests="1" failures="0" timestamp="16 Apr 2019 10:11:31 GMT" time="2.366" errors="0">
  <testcase name="Verify_CheckAvailabilityApi" time="2.366" classname="ApiTestCases.Check_Availability_Api"/>
</testsuite> <!-- ApiTestCases.Check_Availability_Api -->
