<?xml version="1.0" encoding="UTF-8"?>
<!-- Generated by org.testng.reporters.JUnitReportReporter -->
<testsuite skipped="0" hostname="SYSTEM-C205" name="ApiTestCases.Domain_Details_Api" tests="1" failures="0" timestamp="12 Apr 2019 11:42:36 GMT" time="0.546" errors="0">
  <testcase name="Verify_Domain_Details_Api" time="0.546" classname="ApiTestCases.Domain_Details_Api"/>
</testsuite> <!-- ApiTestCases.Domain_Details_Api -->
