<?xml version="1.0" encoding="UTF-8"?>
<!-- Generated by org.testng.reporters.JUnitReportReporter -->
<testsuite skipped="0" hostname="SYSTEM-C205" name="ApiTestCases.ApiCheckAvailability" tests="1" failures="0" timestamp="11 Apr 2019 12:52:22 GMT" time="2.383" errors="0">
  <testcase name="Verify_CheckAvailabilityApi" time="2.383" classname="ApiTestCases.ApiCheckAvailability"/>
</testsuite> <!-- ApiTestCases.ApiCheckAvailability -->
