<?xml version="1.0" encoding="UTF-8"?>
<!-- Generated by org.testng.reporters.JUnitReportReporter -->
<testsuite skipped="0" hostname="SYSTEM-C205" name="ApiTestCases.Domain_Details_Api" tests="1" failures="0" timestamp="11 Apr 2019 13:12:42 GMT" time="2.016" errors="0">
  <testcase name="Verify_CheckAvailabilityApi" time="2.016" classname="ApiTestCases.Domain_Details_Api"/>
</testsuite> <!-- ApiTestCases.Domain_Details_Api -->
