<?xml version="1.0" encoding="UTF-8"?>
<!-- Generated by org.testng.reporters.JUnitReportReporter -->
<testsuite skipped="0" hostname="SYSTEM-C205" name="testcases.UserPageTest" tests="1" failures="0" timestamp="03 Apr 2019 07:39:23 GMT" time="21.481" errors="0">
  <testcase name="verifyCreateUserPage" time="21.481" classname="testcases.UserPageTest"/>
</testsuite> <!-- testcases.UserPageTest -->
