<?xml version="1.0" encoding="UTF-8"?>
<!-- Generated by org.testng.reporters.JUnitReportReporter -->
<testsuite skipped="0" hostname="SYSTEM-C205" name="testcases.LoginpageTest" tests="3" failures="0" timestamp="02 Apr 2019 10:23:07 GMT" time="26.952" errors="0">
  <testcase name="loginpageTitleTest" time="7.964" classname="testcases.LoginpageTest"/>
  <testcase name="crmLogoImageTest" time="8.146" classname="testcases.LoginpageTest"/>
  <testcase name="loginPageTest" time="10.842" classname="testcases.LoginpageTest"/>
</testsuite> <!-- testcases.LoginpageTest -->
