<?xml version="1.0" encoding="UTF-8"?>
<!-- Generated by org.testng.reporters.JUnitReportReporter -->
<testsuite skipped="0" hostname="SYSTEM-C205" name="testcases.HomePageTest" tests="1" failures="0" timestamp="03 Apr 2019 12:56:25 GMT" time="13.224" errors="0">
  <testcase name="verifyCreateUserPage" time="13.224" classname="testcases.HomePageTest"/>
</testsuite> <!-- testcases.HomePageTest -->
