<?xml version="1.0" encoding="UTF-8"?>
<!-- Generated by org.testng.reporters.JUnitReportReporter -->
<testsuite skipped="0" hostname="SYSTEM-C205" name="testcases.LoginpageTest" tests="3" failures="0" timestamp="08 Apr 2019 13:02:16 GMT" time="37.502" errors="0">
  <testcase name="loginpageTitleTest" time="7.627" classname="testcases.LoginpageTest"/>
  <testcase name="crmLogoImageTest" time="9.112" classname="testcases.LoginpageTest"/>
  <testcase name="loginPageTest" time="20.763" classname="testcases.LoginpageTest"/>
</testsuite> <!-- testcases.LoginpageTest -->
