<?xml version="1.0" encoding="UTF-8"?>
<!-- Generated by org.testng.reporters.JUnitReportReporter -->
<testsuite skipped="0" hostname="SYSTEM-C205" name="testcases.UserPageTest" tests="1" failures="0" timestamp="02 Apr 2019 11:16:15 GMT" time="13.073" errors="0">
  <testcase name="verifyCreateUserPage" time="13.073" classname="testcases.UserPageTest"/>
</testsuite> <!-- testcases.UserPageTest -->
