<?xml version="1.0" encoding="UTF-8"?>
<!-- Generated by org.testng.reporters.JUnitReportReporter -->
<testsuite skipped="0" hostname="SYSTEM-C205" name="testcases.LoginpageTest" tests="3" failures="0" timestamp="03 Apr 2019 09:51:14 GMT" time="22.242" errors="0">
  <testcase name="loginpageTitleTest" time="6.434" classname="testcases.LoginpageTest"/>
  <testcase name="crmLogoImageTest" time="7.070" classname="testcases.LoginpageTest"/>
  <testcase name="loginPageTest" time="8.738" classname="testcases.LoginpageTest"/>
</testsuite> <!-- testcases.LoginpageTest -->
